[2021-12-09 19:42:40] Текст ошибки: Метод app\controllers\UserController::downloadAction не найден | Файл: D:\Server538\OpenServer\domains\new-ishop.loc\vendor\wfm\Router.php | Строка: 59
=================
[2021-12-09 19:42:40] Текст ошибки: Страница не найдена | Файл: D:\Server538\OpenServer\domains\new-ishop.loc\vendor\wfm\Router.php | Строка: 66
=================
[2021-12-10 12:24:00] Текст ошибки: Страница не найдена | Файл: D:\Server538\OpenServer\domains\new-ishop.loc\vendor\wfm\Router.php | Строка: 66
=================
[2021-12-10 19:31:29] Текст ошибки: Страница не найдена | Файл: D:\Server538\OpenServer\domains\new-ishop.loc\vendor\wfm\Router.php | Строка: 66
=================
[2021-12-11 14:45:55] Текст ошибки: Страница не найдена | Файл: D:\Server538\OpenServer\domains\new-ishop.loc\vendor\wfm\Router.php | Строка: 66
=================
[2021-12-11 14:45:55] Текст ошибки: Страница не найдена | Файл: D:\Server538\OpenServer\domains\new-ishop.loc\vendor\wfm\Router.php | Строка: 66
=================
[2021-12-11 14:45:55] Текст ошибки: Страница не найдена | Файл: D:\Server538\OpenServer\domains\new-ishop.loc\vendor\wfm\Router.php | Строка: 66
=================
[2021-12-11 14:45:55] Текст ошибки: Страница не найдена | Файл: D:\Server538\OpenServer\domains\new-ishop.loc\vendor\wfm\Router.php | Строка: 66
=================
[2021-12-11 14:45:55] Текст ошибки: Страница не найдена | Файл: D:\Server538\OpenServer\domains\new-ishop.loc\vendor\wfm\Router.php | Строка: 66
=================
[2021-12-11 14:45:55] Текст ошибки: Страница не найдена | Файл: D:\Server538\OpenServer\domains\new-ishop.loc\vendor\wfm\Router.php | Строка: 66
=================
[2021-12-11 14:45:55] Текст ошибки: Страница не найдена | Файл: D:\Server538\OpenServer\domains\new-ishop.loc\vendor\wfm\Router.php | Строка: 66
=================
[2021-12-11 14:45:55] Текст ошибки: Страница не найдена | Файл: D:\Server538\OpenServer\domains\new-ishop.loc\vendor\wfm\Router.php | Строка: 66
=================
[2021-12-11 14:45:55] Текст ошибки: Страница не найдена | Файл: D:\Server538\OpenServer\domains\new-ishop.loc\vendor\wfm\Router.php | Строка: 66
=================
[2021-12-11 14:45:55] Текст ошибки: Страница не найдена | Файл: D:\Server538\OpenServer\domains\new-ishop.loc\vendor\wfm\Router.php | Строка: 66
=================
[2021-12-11 14:45:55] Текст ошибки: Страница не найдена | Файл: D:\Server538\OpenServer\domains\new-ishop.loc\vendor\wfm\Router.php | Строка: 66
=================
[2021-12-11 14:45:55] Текст ошибки: Страница не найдена | Файл: D:\Server538\OpenServer\domains\new-ishop.loc\vendor\wfm\Router.php | Строка: 66
=================
[2021-12-11 14:49:56] Текст ошибки: Страница не найдена | Файл: D:\Server538\OpenServer\domains\new-ishop.loc\vendor\wfm\Router.php | Строка: 66
=================
[2021-12-11 14:49:56] Текст ошибки: Страница не найдена | Файл: D:\Server538\OpenServer\domains\new-ishop.loc\vendor\wfm\Router.php | Строка: 66
=================
[2021-12-11 14:49:56] Текст ошибки: Страница не найдена | Файл: D:\Server538\OpenServer\domains\new-ishop.loc\vendor\wfm\Router.php | Строка: 66
=================
[2021-12-11 14:49:56] Текст ошибки: Страница не найдена | Файл: D:\Server538\OpenServer\domains\new-ishop.loc\vendor\wfm\Router.php | Строка: 66
=================
[2021-12-11 14:49:56] Текст ошибки: Страница не найдена | Файл: D:\Server538\OpenServer\domains\new-ishop.loc\vendor\wfm\Router.php | Строка: 66
=================
[2021-12-11 14:49:56] Текст ошибки: Страница не найдена | Файл: D:\Server538\OpenServer\domains\new-ishop.loc\vendor\wfm\Router.php | Строка: 66
=================
[2021-12-11 14:49:56] Текст ошибки: Страница не найдена | Файл: D:\Server538\OpenServer\domains\new-ishop.loc\vendor\wfm\Router.php | Строка: 66
=================
[2021-12-11 14:49:56] Текст ошибки: Страница не найдена | Файл: D:\Server538\OpenServer\domains\new-ishop.loc\vendor\wfm\Router.php | Строка: 66
=================
[2021-12-11 14:49:56] Текст ошибки: Страница не найдена | Файл: D:\Server538\OpenServer\domains\new-ishop.loc\vendor\wfm\Router.php | Строка: 66
=================
[2021-12-11 14:49:56] Текст ошибки: Страница не найдена | Файл: D:\Server538\OpenServer\domains\new-ishop.loc\vendor\wfm\Router.php | Строка: 66
=================
[2021-12-11 14:49:56] Текст ошибки: Страница не найдена | Файл: D:\Server538\OpenServer\domains\new-ishop.loc\vendor\wfm\Router.php | Строка: 66
=================
[2021-12-11 14:49:56] Текст ошибки: Страница не найдена | Файл: D:\Server538\OpenServer\domains\new-ishop.loc\vendor\wfm\Router.php | Строка: 66
=================
[2021-12-11 14:49:56] Текст ошибки: Страница не найдена | Файл: D:\Server538\OpenServer\domains\new-ishop.loc\vendor\wfm\Router.php | Строка: 66
=================
[2021-12-11 14:49:56] Текст ошибки: Страница не найдена | Файл: D:\Server538\OpenServer\domains\new-ishop.loc\vendor\wfm\Router.php | Строка: 66
=================
[2021-12-11 14:54:09] Текст ошибки: Страница не найдена | Файл: D:\Server538\OpenServer\domains\new-ishop.loc\vendor\wfm\Router.php | Строка: 66
=================
[2021-12-11 14:54:09] Текст ошибки: Страница не найдена | Файл: D:\Server538\OpenServer\domains\new-ishop.loc\vendor\wfm\Router.php | Строка: 66
=================
[2021-12-11 14:54:09] Текст ошибки: Страница не найдена | Файл: D:\Server538\OpenServer\domains\new-ishop.loc\vendor\wfm\Router.php | Строка: 66
=================
[2021-12-11 14:54:09] Текст ошибки: Страница не найдена | Файл: D:\Server538\OpenServer\domains\new-ishop.loc\vendor\wfm\Router.php | Строка: 66
=================
[2021-12-11 14:54:09] Текст ошибки: Страница не найдена | Файл: D:\Server538\OpenServer\domains\new-ishop.loc\vendor\wfm\Router.php | Строка: 66
=================
[2021-12-11 14:54:09] Текст ошибки: Страница не найдена | Файл: D:\Server538\OpenServer\domains\new-ishop.loc\vendor\wfm\Router.php | Строка: 66
=================
[2021-12-11 14:54:09] Текст ошибки: Страница не найдена | Файл: D:\Server538\OpenServer\domains\new-ishop.loc\vendor\wfm\Router.php | Строка: 66
=================
[2021-12-11 14:54:09] Текст ошибки: Страница не найдена | Файл: D:\Server538\OpenServer\domains\new-ishop.loc\vendor\wfm\Router.php | Строка: 66
=================
[2021-12-11 14:54:09] Текст ошибки: Страница не найдена | Файл: D:\Server538\OpenServer\domains\new-ishop.loc\vendor\wfm\Router.php | Строка: 66
=================
[2021-12-11 14:54:09] Текст ошибки: Страница не найдена | Файл: D:\Server538\OpenServer\domains\new-ishop.loc\vendor\wfm\Router.php | Строка: 66
=================
[2021-12-11 14:54:09] Текст ошибки: Страница не найдена | Файл: D:\Server538\OpenServer\domains\new-ishop.loc\vendor\wfm\Router.php | Строка: 66
=================
[2021-12-11 14:54:09] Текст ошибки: Страница не найдена | Файл: D:\Server538\OpenServer\domains\new-ishop.loc\vendor\wfm\Router.php | Строка: 66
=================
[2021-12-11 14:57:27] Текст ошибки: Call to a member function getDatabase() on null | Файл: D:\Server538\OpenServer\domains\new-ishop.loc\vendor\wfm\View.php | Строка: 63
=================
[2021-12-11 14:57:27] Текст ошибки: Страница не найдена | Файл: D:\Server538\OpenServer\domains\new-ishop.loc\vendor\wfm\Router.php | Строка: 66
=================
[2021-12-11 14:57:27] Текст ошибки: Страница не найдена | Файл: D:\Server538\OpenServer\domains\new-ishop.loc\vendor\wfm\Router.php | Строка: 66
=================
[2021-12-11 14:57:27] Текст ошибки: Страница не найдена | Файл: D:\Server538\OpenServer\domains\new-ishop.loc\vendor\wfm\Router.php | Строка: 66
=================
[2021-12-11 14:57:27] Текст ошибки: Страница не найдена | Файл: D:\Server538\OpenServer\domains\new-ishop.loc\vendor\wfm\Router.php | Строка: 66
=================
[2021-12-11 14:57:27] Текст ошибки: Страница не найдена | Файл: D:\Server538\OpenServer\domains\new-ishop.loc\vendor\wfm\Router.php | Строка: 66
=================
[2021-12-11 14:57:53] Текст ошибки: Страница не найдена | Файл: D:\Server538\OpenServer\domains\new-ishop.loc\vendor\wfm\Router.php | Строка: 66
=================
[2021-12-11 14:57:53] Текст ошибки: Страница не найдена | Файл: D:\Server538\OpenServer\domains\new-ishop.loc\vendor\wfm\Router.php | Строка: 66
=================
[2021-12-11 14:57:53] Текст ошибки: Страница не найдена | Файл: D:\Server538\OpenServer\domains\new-ishop.loc\vendor\wfm\Router.php | Строка: 66
=================
[2021-12-11 14:57:53] Текст ошибки: Страница не найдена | Файл: D:\Server538\OpenServer\domains\new-ishop.loc\vendor\wfm\Router.php | Строка: 66
=================
[2021-12-11 14:57:53] Текст ошибки: Страница не найдена | Файл: D:\Server538\OpenServer\domains\new-ishop.loc\vendor\wfm\Router.php | Строка: 66
=================
[2021-12-11 14:57:57] Текст ошибки: Страница не найдена | Файл: D:\Server538\OpenServer\domains\new-ishop.loc\vendor\wfm\Router.php | Строка: 66
=================
[2021-12-11 14:57:57] Текст ошибки: Страница не найдена | Файл: D:\Server538\OpenServer\domains\new-ishop.loc\vendor\wfm\Router.php | Строка: 66
=================
[2021-12-11 14:57:57] Текст ошибки: Страница не найдена | Файл: D:\Server538\OpenServer\domains\new-ishop.loc\vendor\wfm\Router.php | Строка: 66
=================
[2021-12-11 14:57:57] Текст ошибки: Страница не найдена | Файл: D:\Server538\OpenServer\domains\new-ishop.loc\vendor\wfm\Router.php | Строка: 66
=================
[2021-12-11 14:57:57] Текст ошибки: Страница не найдена | Файл: D:\Server538\OpenServer\domains\new-ishop.loc\vendor\wfm\Router.php | Строка: 66
=================
[2022-06-01 14:09:27] Текст ошибки: Call to a member function getDatabase() on null | Файл: W:\domains\localhost\New3\vendor\wfm\View.php | Строка: 63
=================
[2022-06-01 14:11:00] Текст ошибки: Call to a member function getDatabase() on null | Файл: W:\domains\localhost\New3\vendor\wfm\View.php | Строка: 63
=================
[2022-06-01 14:18:30] Текст ошибки: Call to a member function getDatabase() on null | Файл: W:\domains\localhost\New3\vendor\wfm\View.php | Строка: 63
=================
[2022-06-01 14:18:30] Текст ошибки: Call to a member function getDatabase() on null | Файл: W:\domains\localhost\New3\vendor\wfm\View.php | Строка: 63
=================
[2022-06-01 14:24:12] Текст ошибки: Call to a member function getDatabase() on null | Файл: W:\domains\localhost\New3\vendor\wfm\View.php | Строка: 63
=================
[2022-06-01 14:28:00] Текст ошибки: Call to a member function getDatabase() on null | Файл: W:\domains\localhost\New3\vendor\wfm\View.php | Строка: 63
=================
[2022-06-01 14:28:46] Текст ошибки: Call to a member function getDatabase() on null | Файл: W:\domains\localhost\New3\vendor\wfm\View.php | Строка: 63
=================
[2022-06-01 14:32:08] Текст ошибки: Class "app\widgets\language\Language" not found | Файл: W:\domains\localhost\New3\app\controllers\AppController.php | Строка: 22
=================
[2022-06-01 14:32:10] Текст ошибки: Class "app\widgets\language\Language" not found | Файл: W:\domains\localhost\New3\app\controllers\AppController.php | Строка: 22
=================
[2022-06-01 14:32:10] Текст ошибки: Страница не найдена | Файл: W:\domains\localhost\New3\vendor\wfm\Router.php | Строка: 66
=================
[2022-06-01 14:33:02] Текст ошибки: Trying to access array offset on value of type null | Файл: W:\domains\localhost\New3\app\models\Main.php | Строка: 13
=================
[2022-06-01 14:34:58] Текст ошибки: app\models\Main::get_hits(): Return value must be of type array, null returned | Файл: W:\domains\localhost\New3\app\models\Main.php | Строка: 13
=================
[2022-06-01 14:37:05] Текст ошибки: Call to a member function getDatabase() on null | Файл: W:\domains\localhost\New3\vendor\wfm\View.php | Строка: 63
=================
[2022-06-01 14:37:05] Текст ошибки: Call to a member function getDatabase() on null | Файл: W:\domains\localhost\New3\vendor\wfm\View.php | Строка: 63
=================
[2022-06-01 14:55:13] Текст ошибки: Страница не найдена | Файл: W:\domains\localhost\New3\vendor\wfm\Router.php | Строка: 66
=================
[2022-06-01 14:55:13] Текст ошибки: Страница не найдена | Файл: W:\domains\localhost\New3\vendor\wfm\Router.php | Строка: 66
=================
[2022-06-01 14:55:19] Текст ошибки: Call to a member function getDatabase() on null | Файл: W:\domains\localhost\New3\vendor\wfm\View.php | Строка: 63
=================
[2022-06-01 15:40:18] Текст ошибки: Call to a member function getDatabase() on null | Файл: W:\domains\localhost\New3\vendor\wfm\View.php | Строка: 63
=================
[2022-06-01 16:15:08] Текст ошибки: Call to a member function getDatabase() on null | Файл: W:\domains\localhost\New3\vendor\wfm\View.php | Строка: 63
=================
[2022-06-01 16:15:09] Текст ошибки: Call to a member function getDatabase() on null | Файл: W:\domains\localhost\New3\vendor\wfm\View.php | Строка: 63
=================
[2022-06-01 16:51:10] Текст ошибки: Call to a member function getDatabase() on null | Файл: W:\domains\localhost\New3\vendor\wfm\View.php | Строка: 63
=================
